\BOOKMARK [0][-]{chapter*.1}{\376\377\004\024\004\065\004\073\004\070\004\074\004\076\004\101\004\102\004\114\000.\000\040\0004\000\040\004\070\004\116\004\073\004\117}{}% 1
\BOOKMARK [0][-]{Item.8}{\376\377\004\022\004\101\004\102\004\103\004\077\004\070\004\102\004\065\004\073\004\114\004\075\004\060\004\117\000\040\004\076\004\073\004\070\004\074\004\077\004\070\004\060\004\064\004\060\000.\000\040\0004\000\040\004\070\004\116\004\073\004\117}{}% 2
\BOOKMARK [0][-]{Item.14}{\376\377\004\023\004\065\004\076\004\074\004\065\004\102\004\100\004\070\004\107\004\065\004\101\004\072\004\070\004\065\000\040\004\075\004\065\004\100\004\060\004\062\004\065\004\075\004\101\004\102\004\062\004\060\000.\000\040\0005\000\040\004\070\004\116\004\073\004\117}{}% 3
\BOOKMARK [0][-]{Item.26}{\376\377\004\041\004\100\004\060\004\062\004\075\004\065\004\075\004\070\004\117\000.\000\040\0005\000\040\004\070\004\116\004\073\004\117}{}% 4
\BOOKMARK [0][-]{Item.36}{\376\377\004\030\004\075\004\062\004\060\004\100\004\070\004\060\004\075\004\102\000.\000\040\0006\000\040\004\070\004\116\004\073\004\117}{}% 5
\BOOKMARK [0][-]{Item.48}{\376\377\004\024\004\062\004\103\004\064\004\076\004\073\004\114\004\075\004\113\004\065\000\040\004\063\004\100\004\060\004\104\004\113\000.\000\040\0006\000\040\004\070\004\116\004\073\004\117}{}% 6
\BOOKMARK [0][-]{Item.54}{\376\377\004\037\004\073\004\076\004\111\004\060\004\064\004\070\000.\000\040\0007\000\040\004\070\004\116\004\073\004\117}{}% 7
\BOOKMARK [0][-]{figure.0.13}{\376\377\004\032\004\073\004\060\004\101\004\101\004\070\004\107\004\065\004\101\004\072\004\060\004\117\000\040\004\072\004\076\004\074\004\061\004\070\004\075\004\060\004\102\004\076\004\100\004\070\004\072\004\060\000.\000\040\0007\000\040\004\070\004\116\004\073\004\117}{}% 8
\BOOKMARK [0][-]{Item.90}{\376\377\004\023\004\034\004\042\000.\000\040\0009\000\040\004\070\004\116\004\073\004\117}{}% 9
\BOOKMARK [0][-]{Item.100}{\376\377\004\030\004\075\004\064\004\103\004\072\004\106\004\070\004\117\000.\000\040\0009\000\040\004\070\004\116\004\073\004\117}{}% 10
\BOOKMARK [0][-]{Item.113}{\376\377\004\024\004\065\004\100\004\065\004\062\004\114\004\117\000.\000\040\0001\0000\000\040\004\070\004\116\004\073\004\117}{}% 11
\BOOKMARK [0][-]{Item.127}{\376\377\004\034\004\060\004\073\004\060\004\117\000\040\004\102\004\065\004\076\004\100\004\065\004\074\004\060\000\040\004\044\004\065\004\100\004\074\004\060\000.\000\040\0001\0000\000\040\004\070\004\116\004\073\004\117}{}% 12
\BOOKMARK [0][-]{Item.142}{\376\377\004\047\004\065\004\102\004\062\004\121\004\100\004\102\004\113\004\071\000\040\004\077\004\100\004\070\004\067\004\075\004\060\004\072\000\040\000<\000<\004\100\004\060\004\062\004\065\004\075\004\101\004\102\004\062\004\060\000>\000>\000\040\004\102\004\100\004\065\004\103\004\063\004\076\004\073\004\114\004\075\004\070\004\072\004\076\004\062\000.\000\040\0001\0001\000\040\004\070\004\116\004\073\004\117}{}% 13
\BOOKMARK [0][-]{Item.153}{\376\377\004\042\004\100\004\065\004\103\004\063\004\076\004\073\004\114\004\075\004\070\004\072\000\040\004\037\004\060\004\101\004\072\004\060\004\073\004\117\000.\000\040\0001\0001\000\040\004\070\004\116\004\073\004\117}{}% 14
\BOOKMARK [0][-]{Item.162}{\376\377\004\034\004\060\004\102\004\061\004\076\004\071\000-\004\074\004\065\004\066\004\064\004\103\004\101\004\076\004\061\004\076\004\071\000.\000\040\0001\0002\000\040\004\070\004\116\004\073\004\117}{}% 15
\BOOKMARK [0][-]{Item.170}{\376\377\004\030\004\075\004\064\004\103\004\072\004\106\004\070\004\117\000-\0002\000.\000\040\0001\0004\000\040\004\070\004\116\004\073\004\117}{}% 16
\BOOKMARK [0][-]{Item.189}{\376\377\004\041\004\070\004\074\004\074\004\065\004\102\004\100\004\070\004\117\000.\000\040\0001\0004\000\040\004\070\004\116\004\073\004\117}{}% 17
\BOOKMARK [0][-]{Item.197}{\376\377\004\020\004\073\004\063\004\076\004\100\004\070\004\102\004\074\000\040\004\025\004\062\004\072\004\073\004\070\004\064\004\060\000.\000\040\0001\0005\000\040\004\070\004\116\004\073\004\117}{}% 18
\BOOKMARK [0][-]{Item.207}{\376\377\004\030\004\067\004\076\004\074\004\076\004\100\004\104\004\070\004\067\004\074\000\040\004\072\004\076\004\074\004\061\004\070\004\075\004\060\004\102\004\076\004\100\004\075\004\113\004\105\000\040\004\067\004\060\004\064\004\060\004\107\000.\000\040\0001\0005\000\040\004\070\004\116\004\073\004\117}{}% 19
\BOOKMARK [0][-]{Item.223}{\376\377\004\037\004\065\004\100\004\065\004\072\004\073\004\060\004\064\004\113\004\062\004\060\004\075\004\070\004\065\000\040\004\076\004\102\004\100\004\065\004\067\004\072\004\076\004\062\000.\000\040\0001\0006\000\040\004\070\004\116\004\073\004\117}{}% 20
\BOOKMARK [0][-]{Item.231}{\376\377\004\033\004\070\004\075\004\065\004\071\004\075\004\076\004\065\000\040\004\077\004\100\004\065\004\064\004\101\004\102\004\060\004\062\004\073\004\065\004\075\004\070\004\065\000\040\004\035\004\036\004\024\000.\000\040\0001\0006\000\040\004\070\004\116\004\073\004\117}{}% 21
\BOOKMARK [0][-]{Item.238}{\376\377\004\024\004\070\004\101\004\072\004\100\004\065\004\102\004\075\004\060\004\117\000\040\004\075\004\065\004\077\004\100\004\065\004\100\004\113\004\062\004\075\004\076\004\101\004\102\004\114\000.\000\040\0001\0007\000\040\004\070\004\116\004\073\004\117}{}% 22
\BOOKMARK [0][-]{Item.245}{\376\377\004\042\004\076\004\107\004\072\004\070\000\040\004\077\004\065\004\100\004\065\004\101\004\065\004\107\004\065\004\075\004\070\004\117\000\040\004\061\004\070\004\101\004\101\004\065\004\072\004\102\004\100\004\070\004\101\000.\000\040\0001\0009\000\040\004\070\004\116\004\073\004\117}{}% 23
\BOOKMARK [0][-]{Item.253}{\376\377\004\030\004\075\004\064\004\103\004\072\004\106\004\070\004\117\000\040\004\062\000\040\004\063\004\100\004\060\004\104\004\060\004\105\000.\000\040\0001\0009\000\040\004\070\004\116\004\073\004\117}{}% 24
\BOOKMARK [0][-]{Item.260}{\376\377\004\050\004\060\004\100\004\113\000\040\004\070\000\040\004\077\004\065\004\100\004\065\004\063\004\076\004\100\004\076\004\064\004\072\004\070\000.\000\040\0002\0000\000\040\004\070\004\116\004\073\004\117}{}% 25
\BOOKMARK [0][-]{Item.265}{\376\377\004\042\004\076\004\107\004\072\004\060\000\040\004\077\004\065\004\100\004\065\004\101\004\065\004\107\004\065\004\075\004\070\004\117\000\040\004\062\004\113\004\101\004\076\004\102\000.\000\040\0002\0000\000\040\004\070\004\116\004\073\004\117}{}% 26
\BOOKMARK [0][-]{Item.273}{\376\377\004\042\004\065\004\076\004\100\004\065\004\074\004\060\000\040\004\022\004\070\004\073\004\114\004\101\004\076\004\075\004\060\000.\000\040\0002\0001\000\040\004\070\004\116\004\073\004\117}{}% 27
\BOOKMARK [0][-]{Item.285}{\376\377\004\023\004\065\004\076\004\074\004\065\004\102\004\100\004\070\004\107\004\065\004\101\004\072\004\070\004\071\000\040\004\100\004\060\004\067\004\075\004\076\004\061\004\076\004\071\000.\000\040\0002\0001\000\040\004\070\004\116\004\073\004\117}{}% 28
\BOOKMARK [0][-]{Item.292}{\376\377\004\037\004\076\004\073\004\103\004\070\004\075\004\062\004\060\004\100\004\070\004\060\004\075\004\102\000.\000\040\0002\0002\000\040\004\070\004\116\004\073\004\117}{}% 29
\BOOKMARK [0][-]{Item.299}{\376\377\004\040\004\060\004\067\004\075\004\076\004\061\004\076\004\071\000.\000\040\0002\0002\000\040\004\070\004\116\004\073\004\117}{}% 30
