This is pdfTeX, Version 3.14159265-2.6-1.40.16 (TeX Live 2015/Arch Linux) (preloaded format=pdflatex 2016.2.21)  24 JUL 2016 21:43
entering extended mode
 restricted \write18 enabled.
 %&-line parsing enabled.
**/home/golovanov/tex/lmsh/2016/books/book.tex
(/home/golovanov/tex/lmsh/2016/books/book.tex
LaTeX2e <2015/10/01> patch level 2
Babel <3.9m> and hyphenation patterns for 79 languages loaded.
(/usr/share/texmf-dist/tex/latex/base/book.cls
Document Class: book 2014/09/29 v1.4h Standard LaTeX document class
(/usr/share/texmf-dist/tex/latex/base/bk10.clo
File: bk10.clo 2014/09/29 v1.4h Standard LaTeX file (size option)
)
\c@part=\count79
\c@chapter=\count80
\c@section=\count81
\c@subsection=\count82
\c@subsubsection=\count83
\c@paragraph=\count84
\c@subparagraph=\count85
\c@figure=\count86
\c@table=\count87
\abovecaptionskip=\skip41
\belowcaptionskip=\skip42
\bibindent=\dimen102
)
(/usr/share/texmf-dist/tex/latex/base/inputenc.sty
Package: inputenc 2015/03/17 v1.2c Input encoding file
\inpenc@prehook=\toks14
\inpenc@posthook=\toks15

(/usr/share/texmf-dist/tex/latex/base/utf8.def
File: utf8.def 2015/09/07 v1.1p UTF-8 support for inputenc
Now handling font encoding OML ...
... no UTF-8 mapping file for font encoding OML
Now handling font encoding T1 ...
... processing UTF-8 mapping file for font encoding T1

(/usr/share/texmf-dist/tex/latex/base/t1enc.dfu
File: t1enc.dfu 2015/09/07 v1.1p UTF-8 support for inputenc
   defining Unicode char U+00A0 (decimal 160)
   defining Unicode char U+00A1 (decimal 161)
   defining Unicode char U+00A3 (decimal 163)
   defining Unicode char U+00AB (decimal 171)
   defining Unicode char U+00AD (decimal 173)
   defining Unicode char U+00BB (decimal 187)
   defining Unicode char U+00BF (decimal 191)
   defining Unicode char U+00C0 (decimal 192)
   defining Unicode char U+00C1 (decimal 193)
   defining Unicode char U+00C2 (decimal 194)
   defining Unicode char U+00C3 (decimal 195)
   defining Unicode char U+00C4 (decimal 196)
   defining Unicode char U+00C5 (decimal 197)
   defining Unicode char U+00C6 (decimal 198)
   defining Unicode char U+00C7 (decimal 199)
   defining Unicode char U+00C8 (decimal 200)
   defining Unicode char U+00C9 (decimal 201)
   defining Unicode char U+00CA (decimal 202)
   defining Unicode char U+00CB (decimal 203)
   defining Unicode char U+00CC (decimal 204)
   defining Unicode char U+00CD (decimal 205)
   defining Unicode char U+00CE (decimal 206)
   defining Unicode char U+00CF (decimal 207)
   defining Unicode char U+00D0 (decimal 208)
   defining Unicode char U+00D1 (decimal 209)
   defining Unicode char U+00D2 (decimal 210)
   defining Unicode char U+00D3 (decimal 211)
   defining Unicode char U+00D4 (decimal 212)
   defining Unicode char U+00D5 (decimal 213)
   defining Unicode char U+00D6 (decimal 214)
   defining Unicode char U+00D8 (decimal 216)
   defining Unicode char U+00D9 (decimal 217)
   defining Unicode char U+00DA (decimal 218)
   defining Unicode char U+00DB (decimal 219)
   defining Unicode char U+00DC (decimal 220)
   defining Unicode char U+00DD (decimal 221)
   defining Unicode char U+00DE (decimal 222)
   defining Unicode char U+00DF (decimal 223)
   defining Unicode char U+00E0 (decimal 224)
   defining Unicode char U+00E1 (decimal 225)
   defining Unicode char U+00E2 (decimal 226)
   defining Unicode char U+00E3 (decimal 227)
   defining Unicode char U+00E4 (decimal 228)
   defining Unicode char U+00E5 (decimal 229)
   defining Unicode char U+00E6 (decimal 230)
   defining Unicode char U+00E7 (decimal 231)
   defining Unicode char U+00E8 (decimal 232)
   defining Unicode char U+00E9 (decimal 233)
   defining Unicode char U+00EA (decimal 234)
   defining Unicode char U+00EB (decimal 235)
   defining Unicode char U+00EC (decimal 236)
   defining Unicode char U+00ED (decimal 237)
   defining Unicode char U+00EE (decimal 238)
   defining Unicode char U+00EF (decimal 239)
   defining Unicode char U+00F0 (decimal 240)
   defining Unicode char U+00F1 (decimal 241)
   defining Unicode char U+00F2 (decimal 242)
   defining Unicode char U+00F3 (decimal 243)
   defining Unicode char U+00F4 (decimal 244)
   defining Unicode char U+00F5 (decimal 245)
   defining Unicode char U+00F6 (decimal 246)
   defining Unicode char U+00F8 (decimal 248)
   defining Unicode char U+00F9 (decimal 249)
   defining Unicode char U+00FA (decimal 250)
   defining Unicode char U+00FB (decimal 251)
   defining Unicode char U+00FC (decimal 252)
   defining Unicode char U+00FD (decimal 253)
   defining Unicode char U+00FE (decimal 254)
   defining Unicode char U+00FF (decimal 255)
   defining Unicode char U+0102 (decimal 258)
   defining Unicode char U+0103 (decimal 259)
   defining Unicode char U+0104 (decimal 260)
   defining Unicode char U+0105 (decimal 261)
   defining Unicode char U+0106 (decimal 262)
   defining Unicode char U+0107 (decimal 263)
   defining Unicode char U+010C (decimal 268)
   defining Unicode char U+010D (decimal 269)
   defining Unicode char U+010E (decimal 270)
   defining Unicode char U+010F (decimal 271)
   defining Unicode char U+0110 (decimal 272)
   defining Unicode char U+0111 (decimal 273)
   defining Unicode char U+0118 (decimal 280)
   defining Unicode char U+0119 (decimal 281)
   defining Unicode char U+011A (decimal 282)
   defining Unicode char U+011B (decimal 283)
   defining Unicode char U+011E (decimal 286)
   defining Unicode char U+011F (decimal 287)
   defining Unicode char U+0130 (decimal 304)
   defining Unicode char U+0131 (decimal 305)
   defining Unicode char U+0132 (decimal 306)
   defining Unicode char U+0133 (decimal 307)
   defining Unicode char U+0139 (decimal 313)
   defining Unicode char U+013A (decimal 314)
   defining Unicode char U+013D (decimal 317)
   defining Unicode char U+013E (decimal 318)
   defining Unicode char U+0141 (decimal 321)
   defining Unicode char U+0142 (decimal 322)
   defining Unicode char U+0143 (decimal 323)
   defining Unicode char U+0144 (decimal 324)
   defining Unicode char U+0147 (decimal 327)
   defining Unicode char U+0148 (decimal 328)
   defining Unicode char U+014A (decimal 330)
   defining Unicode char U+014B (decimal 331)
   defining Unicode char U+0150 (decimal 336)
   defining Unicode char U+0151 (decimal 337)
   defining Unicode char U+0152 (decimal 338)
   defining Unicode char U+0153 (decimal 339)
   defining Unicode char U+0154 (decimal 340)
   defining Unicode char U+0155 (decimal 341)
   defining Unicode char U+0158 (decimal 344)
   defining Unicode char U+0159 (decimal 345)
   defining Unicode char U+015A (decimal 346)
   defining Unicode char U+015B (decimal 347)
   defining Unicode char U+015E (decimal 350)
   defining Unicode char U+015F (decimal 351)
   defining Unicode char U+0160 (decimal 352)
   defining Unicode char U+0161 (decimal 353)
   defining Unicode char U+0162 (decimal 354)
   defining Unicode char U+0163 (decimal 355)
   defining Unicode char U+0164 (decimal 356)
   defining Unicode char U+0165 (decimal 357)
   defining Unicode char U+016E (decimal 366)
   defining Unicode char U+016F (decimal 367)
   defining Unicode char U+0170 (decimal 368)
   defining Unicode char U+0171 (decimal 369)
   defining Unicode char U+0174 (decimal 372)
   defining Unicode char U+0175 (decimal 373)
   defining Unicode char U+0176 (decimal 374)
   defining Unicode char U+0177 (decimal 375)
   defining Unicode char U+0178 (decimal 376)
   defining Unicode char U+0179 (decimal 377)
   defining Unicode char U+017A (decimal 378)
   defining Unicode char U+017B (decimal 379)
   defining Unicode char U+017C (decimal 380)
   defining Unicode char U+017D (decimal 381)
   defining Unicode char U+017E (decimal 382)
   defining Unicode char U+0218 (decimal 536)
   defining Unicode char U+0219 (decimal 537)
   defining Unicode char U+021A (decimal 538)
   defining Unicode char U+021B (decimal 539)
   defining Unicode char U+200C (decimal 8204)
   defining Unicode char U+2013 (decimal 8211)
   defining Unicode char U+2014 (decimal 8212)
   defining Unicode char U+2018 (decimal 8216)
   defining Unicode char U+2019 (decimal 8217)
   defining Unicode char U+201A (decimal 8218)
   defining Unicode char U+201C (decimal 8220)
   defining Unicode char U+201D (decimal 8221)
   defining Unicode char U+201E (decimal 8222)
   defining Unicode char U+2030 (decimal 8240)
   defining Unicode char U+2031 (decimal 8241)
   defining Unicode char U+2039 (decimal 8249)
   defining Unicode char U+203A (decimal 8250)
   defining Unicode char U+2423 (decimal 9251)
)
Now handling font encoding OT1 ...
... processing UTF-8 mapping file for font encoding OT1

(/usr/share/texmf-dist/tex/latex/base/ot1enc.dfu
File: ot1enc.dfu 2015/09/07 v1.1p UTF-8 support for inputenc
   defining Unicode char U+00A0 (decimal 160)
   defining Unicode char U+00A1 (decimal 161)
   defining Unicode char U+00A3 (decimal 163)
   defining Unicode char U+00AD (decimal 173)
   defining Unicode char U+00B8 (decimal 184)
   defining Unicode char U+00BF (decimal 191)
   defining Unicode char U+00C5 (decimal 197)
   defining Unicode char U+00C6 (decimal 198)
   defining Unicode char U+00D8 (decimal 216)
   defining Unicode char U+00DF (decimal 223)
   defining Unicode char U+00E6 (decimal 230)
   defining Unicode char U+00EC (decimal 236)
   defining Unicode char U+00ED (decimal 237)
   defining Unicode char U+00EE (decimal 238)
   defining Unicode char U+00EF (decimal 239)
   defining Unicode char U+00F8 (decimal 248)
   defining Unicode char U+0131 (decimal 305)
   defining Unicode char U+0141 (decimal 321)
   defining Unicode char U+0142 (decimal 322)
   defining Unicode char U+0152 (decimal 338)
   defining Unicode char U+0153 (decimal 339)
   defining Unicode char U+0174 (decimal 372)
   defining Unicode char U+0175 (decimal 373)
   defining Unicode char U+0176 (decimal 374)
   defining Unicode char U+0177 (decimal 375)
   defining Unicode char U+0218 (decimal 536)
   defining Unicode char U+0219 (decimal 537)
   defining Unicode char U+021A (decimal 538)
   defining Unicode char U+021B (decimal 539)
   defining Unicode char U+2013 (decimal 8211)
   defining Unicode char U+2014 (decimal 8212)
   defining Unicode char U+2018 (decimal 8216)
   defining Unicode char U+2019 (decimal 8217)
   defining Unicode char U+201C (decimal 8220)
   defining Unicode char U+201D (decimal 8221)
)
Now handling font encoding OMS ...
... processing UTF-8 mapping file for font encoding OMS

(/usr/share/texmf-dist/tex/latex/base/omsenc.dfu
File: omsenc.dfu 2015/09/07 v1.1p UTF-8 support for inputenc
   defining Unicode char U+00A7 (decimal 167)
   defining Unicode char U+00B6 (decimal 182)
   defining Unicode char U+00B7 (decimal 183)
   defining Unicode char U+2020 (decimal 8224)
   defining Unicode char U+2021 (decimal 8225)
   defining Unicode char U+2022 (decimal 8226)
)
Now handling font encoding OMX ...
... no UTF-8 mapping file for font encoding OMX
Now handling font encoding U ...
... no UTF-8 mapping file for font encoding U
   defining Unicode char U+00A9 (decimal 169)
   defining Unicode char U+00AA (decimal 170)
   defining Unicode char U+00AE (decimal 174)
   defining Unicode char U+00BA (decimal 186)
   defining Unicode char U+02C6 (decimal 710)
   defining Unicode char U+02DC (decimal 732)
   defining Unicode char U+200C (decimal 8204)
   defining Unicode char U+2026 (decimal 8230)
   defining Unicode char U+2122 (decimal 8482)
   defining Unicode char U+2423 (decimal 9251)
))
(/usr/share/texmf-dist/tex/latex/base/fontenc.sty
Package: fontenc 2005/09/27 v1.99g Standard LaTeX package

(/usr/share/texmf-dist/tex/latex/cyrillic/t2aenc.def
File: t2aenc.def 2005/09/27 v1.0i Cyrillic encoding definition file
Now handling font encoding T2A ...
... processing UTF-8 mapping file for font encoding T2A

(/usr/share/texmf-dist/tex/latex/base/t2aenc.dfu
File: t2aenc.dfu 2015/09/07 v1.1p UTF-8 support for inputenc
   defining Unicode char U+00A4 (decimal 164)
   defining Unicode char U+00A7 (decimal 167)
   defining Unicode char U+00AB (decimal 171)
   defining Unicode char U+00BB (decimal 187)
   defining Unicode char U+0131 (decimal 305)
   defining Unicode char U+0400 (decimal 1024)
   defining Unicode char U+0401 (decimal 1025)
   defining Unicode char U+0402 (decimal 1026)
   defining Unicode char U+0403 (decimal 1027)
   defining Unicode char U+0404 (decimal 1028)
   defining Unicode char U+0405 (decimal 1029)
   defining Unicode char U+0406 (decimal 1030)
   defining Unicode char U+0407 (decimal 1031)
   defining Unicode char U+0408 (decimal 1032)
   defining Unicode char U+0409 (decimal 1033)
   defining Unicode char U+040A (decimal 1034)
   defining Unicode char U+040B (decimal 1035)
   defining Unicode char U+040C (decimal 1036)
   defining Unicode char U+040D (decimal 1037)
   defining Unicode char U+040E (decimal 1038)
   defining Unicode char U+040F (decimal 1039)
   defining Unicode char U+0410 (decimal 1040)
   defining Unicode char U+0411 (decimal 1041)
   defining Unicode char U+0412 (decimal 1042)
   defining Unicode char U+0413 (decimal 1043)
   defining Unicode char U+0414 (decimal 1044)
   defining Unicode char U+0415 (decimal 1045)
   defining Unicode char U+0416 (decimal 1046)
   defining Unicode char U+0417 (decimal 1047)
   defining Unicode char U+0418 (decimal 1048)
   defining Unicode char U+0419 (decimal 1049)
   defining Unicode char U+041A (decimal 1050)
   defining Unicode char U+041B (decimal 1051)
   defining Unicode char U+041C (decimal 1052)
   defining Unicode char U+041D (decimal 1053)
   defining Unicode char U+041E (decimal 1054)
   defining Unicode char U+041F (decimal 1055)
   defining Unicode char U+0420 (decimal 1056)
   defining Unicode char U+0421 (decimal 1057)
   defining Unicode char U+0422 (decimal 1058)
   defining Unicode char U+0423 (decimal 1059)
   defining Unicode char U+0424 (decimal 1060)
   defining Unicode char U+0425 (decimal 1061)
   defining Unicode char U+0426 (decimal 1062)
   defining Unicode char U+0427 (decimal 1063)
   defining Unicode char U+0428 (decimal 1064)
   defining Unicode char U+0429 (decimal 1065)
   defining Unicode char U+042A (decimal 1066)
   defining Unicode char U+042B (decimal 1067)
   defining Unicode char U+042C (decimal 1068)
   defining Unicode char U+042D (decimal 1069)
   defining Unicode char U+042E (decimal 1070)
   defining Unicode char U+042F (decimal 1071)
   defining Unicode char U+0430 (decimal 1072)
   defining Unicode char U+0431 (decimal 1073)
   defining Unicode char U+0432 (decimal 1074)
   defining Unicode char U+0433 (decimal 1075)
   defining Unicode char U+0434 (decimal 1076)
   defining Unicode char U+0435 (decimal 1077)
   defining Unicode char U+0436 (decimal 1078)
   defining Unicode char U+0437 (decimal 1079)
   defining Unicode char U+0438 (decimal 1080)
   defining Unicode char U+0439 (decimal 1081)
   defining Unicode char U+043A (decimal 1082)
   defining Unicode char U+043B (decimal 1083)
   defining Unicode char U+043C (decimal 1084)
   defining Unicode char U+043D (decimal 1085)
   defining Unicode char U+043E (decimal 1086)
   defining Unicode char U+043F (decimal 1087)
   defining Unicode char U+0440 (decimal 1088)
   defining Unicode char U+0441 (decimal 1089)
   defining Unicode char U+0442 (decimal 1090)
   defining Unicode char U+0443 (decimal 1091)
   defining Unicode char U+0444 (decimal 1092)
   defining Unicode char U+0445 (decimal 1093)
   defining Unicode char U+0446 (decimal 1094)
   defining Unicode char U+0447 (decimal 1095)
   defining Unicode char U+0448 (decimal 1096)
   defining Unicode char U+0449 (decimal 1097)
   defining Unicode char U+044A (decimal 1098)
   defining Unicode char U+044B (decimal 1099)
   defining Unicode char U+044C (decimal 1100)
   defining Unicode char U+044D (decimal 1101)
   defining Unicode char U+044E (decimal 1102)
   defining Unicode char U+044F (decimal 1103)
   defining Unicode char U+0450 (decimal 1104)
   defining Unicode char U+0451 (decimal 1105)
   defining Unicode char U+0452 (decimal 1106)
   defining Unicode char U+0453 (decimal 1107)
   defining Unicode char U+0454 (decimal 1108)
   defining Unicode char U+0455 (decimal 1109)
   defining Unicode char U+0456 (decimal 1110)
   defining Unicode char U+0457 (decimal 1111)
   defining Unicode char U+0458 (decimal 1112)
   defining Unicode char U+0459 (decimal 1113)
   defining Unicode char U+045A (decimal 1114)
   defining Unicode char U+045B (decimal 1115)
   defining Unicode char U+045C (decimal 1116)
   defining Unicode char U+045D (decimal 1117)
   defining Unicode char U+045E (decimal 1118)
   defining Unicode char U+045F (decimal 1119)
   defining Unicode char U+0490 (decimal 1168)
   defining Unicode char U+0491 (decimal 1169)
   defining Unicode char U+0492 (decimal 1170)
   defining Unicode char U+0493 (decimal 1171)
   defining Unicode char U+0496 (decimal 1174)
   defining Unicode char U+0497 (decimal 1175)
   defining Unicode char U+0498 (decimal 1176)
   defining Unicode char U+0499 (decimal 1177)
   defining Unicode char U+049A (decimal 1178)
   defining Unicode char U+049B (decimal 1179)
   defining Unicode char U+049C (decimal 1180)
   defining Unicode char U+049D (decimal 1181)
   defining Unicode char U+04A0 (decimal 1184)
   defining Unicode char U+04A1 (decimal 1185)
   defining Unicode char U+04A2 (decimal 1186)
   defining Unicode char U+04A3 (decimal 1187)
   defining Unicode char U+04A4 (decimal 1188)
   defining Unicode char U+04A5 (decimal 1189)
   defining Unicode char U+04AA (decimal 1194)
   defining Unicode char U+04AB (decimal 1195)
   defining Unicode char U+04AE (decimal 1198)
   defining Unicode char U+04AF (decimal 1199)
   defining Unicode char U+04B0 (decimal 1200)
   defining Unicode char U+04B1 (decimal 1201)
   defining Unicode char U+04B2 (decimal 1202)
   defining Unicode char U+04B3 (decimal 1203)
   defining Unicode char U+04B6 (decimal 1206)
   defining Unicode char U+04B7 (decimal 1207)
   defining Unicode char U+04B8 (decimal 1208)
   defining Unicode char U+04B9 (decimal 1209)
   defining Unicode char U+04BA (decimal 1210)
   defining Unicode char U+04BB (decimal 1211)
   defining Unicode char U+04C0 (decimal 1216)
   defining Unicode char U+04C1 (decimal 1217)
   defining Unicode char U+04C2 (decimal 1218)
   defining Unicode char U+04D0 (decimal 1232)
   defining Unicode char U+04D1 (decimal 1233)
   defining Unicode char U+04D2 (decimal 1234)
   defining Unicode char U+04D3 (decimal 1235)
   defining Unicode char U+04D4 (decimal 1236)
   defining Unicode char U+04D5 (decimal 1237)
   defining Unicode char U+04D6 (decimal 1238)
   defining Unicode char U+04D7 (decimal 1239)
   defining Unicode char U+04D8 (decimal 1240)
   defining Unicode char U+04D9 (decimal 1241)
   defining Unicode char U+04DA (decimal 1242)
   defining Unicode char U+04DB (decimal 1243)
   defining Unicode char U+04DC (decimal 1244)
   defining Unicode char U+04DD (decimal 1245)
   defining Unicode char U+04DE (decimal 1246)
   defining Unicode char U+04DF (decimal 1247)
   defining Unicode char U+04E2 (decimal 1250)
   defining Unicode char U+04E3 (decimal 1251)
   defining Unicode char U+04E4 (decimal 1252)
   defining Unicode char U+04E5 (decimal 1253)
   defining Unicode char U+04E6 (decimal 1254)
   defining Unicode char U+04E7 (decimal 1255)
   defining Unicode char U+04E8 (decimal 1256)
   defining Unicode char U+04E9 (decimal 1257)
   defining Unicode char U+04EC (decimal 1260)
   defining Unicode char U+04ED (decimal 1261)
   defining Unicode char U+04EE (decimal 1262)
   defining Unicode char U+04EF (decimal 1263)
   defining Unicode char U+04F0 (decimal 1264)
   defining Unicode char U+04F1 (decimal 1265)
   defining Unicode char U+04F2 (decimal 1266)
   defining Unicode char U+04F3 (decimal 1267)
   defining Unicode char U+04F4 (decimal 1268)
   defining Unicode char U+04F5 (decimal 1269)
   defining Unicode char U+04F8 (decimal 1272)
   defining Unicode char U+04F9 (decimal 1273)
   defining Unicode char U+200C (decimal 8204)
   defining Unicode char U+2013 (decimal 8211)
   defining Unicode char U+2014 (decimal 8212)
   defining Unicode char U+2018 (decimal 8216)
   defining Unicode char U+2019 (decimal 8217)
   defining Unicode char U+201C (decimal 8220)
   defining Unicode char U+201D (decimal 8221)
   defining Unicode char U+201E (decimal 8222)
   defining Unicode char U+2030 (decimal 8240)
   defining Unicode char U+2031 (decimal 8241)
   defining Unicode char U+2116 (decimal 8470)
   defining Unicode char U+2329 (decimal 9001)
   defining Unicode char U+232A (decimal 9002)
   defining Unicode char U+2423 (decimal 9251)
))
LaTeX Font Info:    Try loading font information for T2A+cmr on input line 105.


(/usr/share/texmf-dist/tex/latex/cyrillic/t2acmr.fd
File: t2acmr.fd 2001/08/11 v1.0a Computer Modern Cyrillic font definitions
))
(/usr/share/texmf-dist/tex/generic/babel/babel.sty
Package: babel 2015/08/03 3.9m The Babel package

(/usr/share/texmf-dist/tex/generic/babel-russian/russianb.ldf
Language: russianb 2015/05/01 1.3g Russian support for the Babel system

(/usr/share/texmf-dist/tex/generic/babel/babel.def
File: babel.def 2015/08/03 3.9m Babel common definitions
\babel@savecnt=\count88
\U@D=\dimen103
)
Package babel Info: Making " an active character on input line 111.
))
(/usr/share/texmf-dist/tex/latex/amsmath/amsmath.sty
Package: amsmath 2013/01/14 v2.14 AMS math features
\@mathmargin=\skip43

For additional information on amsmath, use the `?' option.
(/usr/share/texmf-dist/tex/latex/amsmath/amstext.sty
Package: amstext 2000/06/29 v2.01

(/usr/share/texmf-dist/tex/latex/amsmath/amsgen.sty
File: amsgen.sty 1999/11/30 v2.0
\@emptytoks=\toks16
\ex@=\dimen104
))
(/usr/share/texmf-dist/tex/latex/amsmath/amsbsy.sty
Package: amsbsy 1999/11/29 v1.2d
\pmbraise@=\dimen105
)
(/usr/share/texmf-dist/tex/latex/amsmath/amsopn.sty
Package: amsopn 1999/12/14 v2.01 operator names
)
\inf@bad=\count89
LaTeX Info: Redefining \frac on input line 210.
\uproot@=\count90
\leftroot@=\count91
LaTeX Info: Redefining \overline on input line 306.
\classnum@=\count92
\DOTSCASE@=\count93
LaTeX Info: Redefining \ldots on input line 378.
LaTeX Info: Redefining \dots on input line 381.
LaTeX Info: Redefining \cdots on input line 466.
\Mathstrutbox@=\box26
\strutbox@=\box27
\big@size=\dimen106
LaTeX Font Info:    Redeclaring font encoding OML on input line 566.
LaTeX Font Info:    Redeclaring font encoding OMS on input line 567.
\macc@depth=\count94
\c@MaxMatrixCols=\count95
\dotsspace@=\muskip10
\c@parentequation=\count96
\dspbrk@lvl=\count97
\tag@help=\toks17
\row@=\count98
\column@=\count99
\maxfields@=\count100
\andhelp@=\toks18
\eqnshift@=\dimen107
\alignsep@=\dimen108
\tagshift@=\dimen109
\tagwidth@=\dimen110
\totwidth@=\dimen111
\lineht@=\dimen112
\@envbody=\toks19
\multlinegap=\skip44
\multlinetaggap=\skip45
\mathdisplay@stack=\toks20
LaTeX Info: Redefining \[ on input line 2665.
LaTeX Info: Redefining \] on input line 2666.
)
(/usr/share/texmf-dist/tex/latex/amsfonts/amssymb.sty
Package: amssymb 2013/01/14 v3.01 AMS font symbols

(/usr/share/texmf-dist/tex/latex/amsfonts/amsfonts.sty
Package: amsfonts 2013/01/14 v3.01 Basic AMSFonts support
\symAMSa=\mathgroup4
\symAMSb=\mathgroup5
LaTeX Font Info:    Overwriting math alphabet `\mathfrak' in version `bold'
(Font)                  U/euf/m/n --> U/euf/b/n on input line 106.
)) (./jeolm.sty
Package: jeolm 
\@kratno@height=\skip46
\c@jeolmproblem=\count101
\c@jeolmsubproblem=\count102
\problem@space@length=\skip47
\subproblem@space@length=\skip48
\@subproblem@letter@width=\skip49
)
(./jeolm-tourn-limited.sty
\jeolmhrule@width=\skip50
\jeolmhrule@textwidth=\skip51
)
(/usr/share/texmf-dist/tex/latex/parskip/parskip.sty
Package: parskip 2001/04/09 non-zero parskip adjustments
)
(/usr/share/texmf-dist/tex/latex/graphics/graphicx.sty
Package: graphicx 2014/10/28 v1.0g Enhanced LaTeX Graphics (DPC,SPQR)

(/usr/share/texmf-dist/tex/latex/graphics/keyval.sty
Package: keyval 2014/10/28 v1.15 key=value parser (DPC)
\KV@toks@=\toks21
)
(/usr/share/texmf-dist/tex/latex/graphics/graphics.sty
Package: graphics 2014/10/28 v1.0p Standard LaTeX Graphics (DPC,SPQR)

(/usr/share/texmf-dist/tex/latex/graphics/trig.sty
Package: trig 1999/03/16 v1.09 sin cos tan (DPC)
)
(/usr/share/texmf-dist/tex/latex/latexconfig/graphics.cfg
File: graphics.cfg 2010/04/23 v1.9 graphics configuration of TeX Live
)
Package graphics Info: Driver file: pdftex.def on input line 94.

(/usr/share/texmf-dist/tex/latex/pdftex-def/pdftex.def
File: pdftex.def 2011/05/27 v0.06d Graphics/color for pdfTeX

(/usr/share/texmf-dist/tex/generic/oberdiek/infwarerr.sty
Package: infwarerr 2010/04/08 v1.3 Providing info/warning/error messages (HO)
)
(/usr/share/texmf-dist/tex/generic/oberdiek/ltxcmds.sty
Package: ltxcmds 2011/11/09 v1.22 LaTeX kernel commands for general use (HO)
)
\Gread@gobject=\count103
))
\Gin@req@height=\dimen113
\Gin@req@width=\dimen114
)
(/usr/share/texmf-dist/tex/latex/tools/multicol.sty
Package: multicol 2015/08/19 v1.8n multicolumn formatting (FMi)
\c@tracingmulticols=\count104
\mult@box=\box28
\multicol@leftmargin=\dimen115
\c@unbalance=\count105
\c@collectmore=\count106
\doublecol@number=\count107
\multicoltolerance=\count108
\multicolpretolerance=\count109
\full@width=\dimen116
\page@free=\dimen117
\premulticols=\dimen118
\postmulticols=\dimen119
\multicolsep=\skip52
\multicolbaselineskip=\skip53
\partial@page=\box29
\last@line=\box30
\maxbalancingoverflow=\dimen120
\mult@rightbox=\box31
\mult@grightbox=\box32
\mult@gfirstbox=\box33
\mult@firstbox=\box34
\@tempa=\box35
\@tempa=\box36
\@tempa=\box37
\@tempa=\box38
\@tempa=\box39
\@tempa=\box40
\@tempa=\box41
\@tempa=\box42
\@tempa=\box43
\@tempa=\box44
\@tempa=\box45
\@tempa=\box46
\@tempa=\box47
\@tempa=\box48
\@tempa=\box49
\@tempa=\box50
\@tempa=\box51
\c@columnbadness=\count110
\c@finalcolumnbadness=\count111
\last@try=\dimen121
\multicolovershoot=\dimen122
\multicolundershoot=\dimen123
\mult@nat@firstbox=\box52
\colbreak@box=\box53
\mc@col@check@num=\count112
)
(/usr/share/texmf-dist/tex/latex/hyperref/hyperref.sty
Package: hyperref 2012/11/06 v6.83m Hypertext links for LaTeX

(/usr/share/texmf-dist/tex/generic/oberdiek/hobsub-hyperref.sty
Package: hobsub-hyperref 2012/05/28 v1.13 Bundle oberdiek, subset hyperref (HO)


(/usr/share/texmf-dist/tex/generic/oberdiek/hobsub-generic.sty
Package: hobsub-generic 2012/05/28 v1.13 Bundle oberdiek, subset generic (HO)
Package: hobsub 2012/05/28 v1.13 Construct package bundles (HO)
Package hobsub Info: Skipping package `infwarerr' (already loaded).
Package hobsub Info: Skipping package `ltxcmds' (already loaded).
Package: ifluatex 2010/03/01 v1.3 Provides the ifluatex switch (HO)
Package ifluatex Info: LuaTeX not detected.
Package: ifvtex 2010/03/01 v1.5 Detect VTeX and its facilities (HO)
Package ifvtex Info: VTeX not detected.
Package: intcalc 2007/09/27 v1.1 Expandable calculations with integers (HO)
Package: ifpdf 2011/01/30 v2.3 Provides the ifpdf switch (HO)
Package ifpdf Info: pdfTeX in PDF mode is detected.
Package: etexcmds 2011/02/16 v1.5 Avoid name clashes with e-TeX commands (HO)
Package etexcmds Info: Could not find \expanded.
(etexcmds)             That can mean that you are not using pdfTeX 1.50 or
(etexcmds)             that some package has redefined \expanded.
(etexcmds)             In the latter case, load this package earlier.
Package: kvsetkeys 2012/04/25 v1.16 Key value parser (HO)
Package: kvdefinekeys 2011/04/07 v1.3 Define keys (HO)
Package: pdftexcmds 2011/11/29 v0.20 Utility functions of pdfTeX for LuaTeX (HO
)
Package pdftexcmds Info: LuaTeX not detected.
Package pdftexcmds Info: \pdf@primitive is available.
Package pdftexcmds Info: \pdf@ifprimitive is available.
Package pdftexcmds Info: \pdfdraftmode found.
Package: pdfescape 2011/11/25 v1.13 Implements pdfTeX's escape features (HO)
Package: bigintcalc 2012/04/08 v1.3 Expandable calculations on big integers (HO
)
Package: bitset 2011/01/30 v1.1 Handle bit-vector datatype (HO)
Package: uniquecounter 2011/01/30 v1.2 Provide unlimited unique counter (HO)
)
Package hobsub Info: Skipping package `hobsub' (already loaded).
Package: letltxmacro 2010/09/02 v1.4 Let assignment for LaTeX macros (HO)
Package: hopatch 2012/05/28 v1.2 Wrapper for package hooks (HO)
Package: xcolor-patch 2011/01/30 xcolor patch
Package: atveryend 2011/06/30 v1.8 Hooks at the very end of document (HO)
Package atveryend Info: \enddocument detected (standard20110627).
Package: atbegshi 2011/10/05 v1.16 At begin shipout hook (HO)
Package: refcount 2011/10/16 v3.4 Data extraction from label references (HO)
Package: hycolor 2011/01/30 v1.7 Color options for hyperref/bookmark (HO)
)
(/usr/share/texmf-dist/tex/generic/ifxetex/ifxetex.sty
Package: ifxetex 2010/09/12 v0.6 Provides ifxetex conditional
)
(/usr/share/texmf-dist/tex/latex/oberdiek/auxhook.sty
Package: auxhook 2011/03/04 v1.3 Hooks for auxiliary files (HO)
)
(/usr/share/texmf-dist/tex/latex/oberdiek/kvoptions.sty
Package: kvoptions 2011/06/30 v3.11 Key value format for package options (HO)
)
\@linkdim=\dimen124
\Hy@linkcounter=\count113
\Hy@pagecounter=\count114

(/usr/share/texmf-dist/tex/latex/hyperref/pd1enc.def
File: pd1enc.def 2012/11/06 v6.83m Hyperref: PDFDocEncoding definition (HO)
Now handling font encoding PD1 ...
... no UTF-8 mapping file for font encoding PD1
)
\Hy@SavedSpaceFactor=\count115
Package hyperref Info: Option `unicode' set `true' on input line 3411.

(/usr/share/texmf-dist/tex/latex/hyperref/puenc.def
File: puenc.def 2012/11/06 v6.83m Hyperref: PDF Unicode definition (HO)
Now handling font encoding PU ...
... no UTF-8 mapping file for font encoding PU
)
(/usr/share/texmf-dist/tex/latex/latexconfig/hyperref.cfg
File: hyperref.cfg 2002/06/06 v1.2 hyperref configuration of TeXLive
)
Package hyperref Info: Hyper figures OFF on input line 4443.
Package hyperref Info: Link nesting OFF on input line 4448.
Package hyperref Info: Hyper index ON on input line 4451.
Package hyperref Info: Plain pages OFF on input line 4458.
Package hyperref Info: Backreferencing OFF on input line 4463.
Package hyperref Info: Implicit mode ON; LaTeX internals redefined.
Package hyperref Info: Bookmarks ON on input line 4688.
\c@Hy@tempcnt=\count116

(/usr/share/texmf-dist/tex/latex/url/url.sty
\Urlmuskip=\muskip11
Package: url 2013/09/16  ver 3.4  Verb mode for urls, etc.
)
LaTeX Info: Redefining \url on input line 5041.
\XeTeXLinkMargin=\dimen125
\Fld@menulength=\count117
\Field@Width=\dimen126
\Fld@charsize=\dimen127
Package hyperref Info: Hyper figures OFF on input line 6295.
Package hyperref Info: Link nesting OFF on input line 6300.
Package hyperref Info: Hyper index ON on input line 6303.
Package hyperref Info: backreferencing OFF on input line 6310.
Package hyperref Info: Link coloring OFF on input line 6315.
Package hyperref Info: Link coloring with OCG OFF on input line 6320.
Package hyperref Info: PDF/A mode OFF on input line 6325.
LaTeX Info: Redefining \ref on input line 6365.
LaTeX Info: Redefining \pageref on input line 6369.
\Hy@abspage=\count118
\c@Item=\count119
\c@Hfootnote=\count120
)

Package hyperref Message: Driver (autodetected): hpdftex.

(/usr/share/texmf-dist/tex/latex/hyperref/hpdftex.def
File: hpdftex.def 2012/11/06 v6.83m Hyperref driver for pdfTeX
\Fld@listcount=\count121
\c@bookmark@seq@number=\count122

(/usr/share/texmf-dist/tex/latex/oberdiek/rerunfilecheck.sty
Package: rerunfilecheck 2011/04/15 v1.7 Rerun checks for auxiliary files (HO)
Package uniquecounter Info: New unique counter `rerunfilecheck' on input line 2
82.
)
\Hy@SectionHShift=\skip54
)
Package hyperref Info: Option `colorlinks' set `true' on input line 20.

(/usr/share/texmf-dist/tex/latex/epigraph/epigraph.sty
Package: epigraph 2009/09/02 v1.5c typesetting epigraphs
\beforeepigraphskip=\skip55
\afterepigraphskip=\skip56
\epigraphwidth=\skip57
\epigraphrule=\skip58
) (./book.aux)
\openout1 = `book.aux'.

LaTeX Font Info:    Checking defaults for OML/cmm/m/it on input line 33.
LaTeX Font Info:    ... okay on input line 33.
LaTeX Font Info:    Checking defaults for T1/cmr/m/n on input line 33.
LaTeX Font Info:    ... okay on input line 33.
LaTeX Font Info:    Checking defaults for OT1/cmr/m/n on input line 33.
LaTeX Font Info:    ... okay on input line 33.
LaTeX Font Info:    Checking defaults for OMS/cmsy/m/n on input line 33.
LaTeX Font Info:    ... okay on input line 33.
LaTeX Font Info:    Checking defaults for OMX/cmex/m/n on input line 33.
LaTeX Font Info:    ... okay on input line 33.
LaTeX Font Info:    Checking defaults for U/cmr/m/n on input line 33.
LaTeX Font Info:    ... okay on input line 33.
LaTeX Font Info:    Checking defaults for T2A/cmr/m/n on input line 33.
LaTeX Font Info:    ... okay on input line 33.
LaTeX Font Info:    Checking defaults for PD1/pdf/m/n on input line 33.
LaTeX Font Info:    ... okay on input line 33.
LaTeX Font Info:    Checking defaults for PU/pdf/m/n on input line 33.
LaTeX Font Info:    ... okay on input line 33.

(/usr/share/texmf-dist/tex/context/base/supp-pdf.mkii
[Loading MPS to PDF converter (version 2006.09.02).]
\scratchcounter=\count123
\scratchdimen=\dimen128
\scratchbox=\box54
\nofMPsegments=\count124
\nofMParguments=\count125
\everyMPshowfont=\toks22
\MPscratchCnt=\count126
\MPscratchDim=\dimen129
\MPnumerator=\count127
\makeMPintoPDFobject=\count128
\everyMPtoPDFconversion=\toks23
) (/usr/share/texmf-dist/tex/latex/oberdiek/epstopdf-base.sty
Package: epstopdf-base 2010/02/09 v2.5 Base part for package epstopdf

(/usr/share/texmf-dist/tex/latex/oberdiek/grfext.sty
Package: grfext 2010/08/19 v1.1 Manage graphics extensions (HO)
)
Package grfext Info: Graphics extension search list:
(grfext)             [.png,.pdf,.jpg,.mps,.jpeg,.jbig2,.jb2,.PNG,.PDF,.JPG,.JPE
G,.JBIG2,.JB2,.eps]
(grfext)             \AppendGraphicsExtensions on input line 452.

(/usr/share/texmf-dist/tex/latex/latexconfig/epstopdf-sys.cfg
File: epstopdf-sys.cfg 2010/07/13 v1.3 Configuration of (r)epstopdf for TeX Liv
e
))
\AtBeginShipoutBox=\box55

(/usr/share/texmf-dist/tex/latex/graphics/color.sty
Package: color 2014/10/28 v1.1a Standard LaTeX Color (DPC)

(/usr/share/texmf-dist/tex/latex/latexconfig/color.cfg
File: color.cfg 2007/01/18 v1.5 color configuration of teTeX/TeXLive
)
Package color Info: Driver file: pdftex.def on input line 142.
)
Package hyperref Info: Link coloring ON on input line 33.

(/usr/share/texmf-dist/tex/latex/hyperref/nameref.sty
Package: nameref 2012/10/27 v2.43 Cross-referencing by name of section

(/usr/share/texmf-dist/tex/generic/oberdiek/gettitlestring.sty
Package: gettitlestring 2010/12/03 v1.4 Cleanup title references (HO)
)
\c@section@level=\count129
)
LaTeX Info: Redefining \ref on input line 33.
LaTeX Info: Redefining \pageref on input line 33.
LaTeX Info: Redefining \nameref on input line 33.
 (./book.out)
(./book.out)
\@outlinefile=\write3
\openout3 = `book.out'.

 <logo.png, id=132, 569.0058pt x 567.0786pt>
File: logo.png Graphic file (type png)
 <use logo.png>
Package pdftex.def Info: logo.png used on input line 38.
(pdftex.def)             Requested size: 345.0pt x 343.83208pt.
Package babel Info: Redefining russian shorthand "|
(babel)             in language  on input line 51.
Package babel Info: Redefining russian shorthand "~
(babel)             in language  on input line 51.
Package babel Info: Redefining russian shorthand "|
(babel)             in language  on input line 51.
Package babel Info: Redefining russian shorthand "~
(babel)             in language  on input line 51.

[1

{/var/lib/texmf/fonts/map/pdftex/updmap/pdftex.map} <./logo.png

pdfTeX warning: pdflatex (file ./logo.png): large interlaced PNG might cause ou
t of memory (use non-interlaced PNG to fix this)
>]
Package babel Info: Redefining russian shorthand "|
(babel)             in language  on input line 68.
Package babel Info: Redefining russian shorthand "~
(babel)             in language  on input line 68.
Package babel Info: Redefining russian shorthand "|
(babel)             in language  on input line 68.
Package babel Info: Redefining russian shorthand "~
(babel)             in language  on input line 68.
 [2] (./book.toc)
\tf@toc=\write4
\openout4 = `book.toc'.

Package babel Info: Redefining russian shorthand "|
(babel)             in language  on input line 68.
Package babel Info: Redefining russian shorthand "~
(babel)             in language  on input line 68.
Package babel Info: Redefining russian shorthand "|
(babel)             in language  on input line 68.
Package babel Info: Redefining russian shorthand "~
(babel)             in language  on input line 68.
 [3

]

Package hyperref Warning: bookmark level for unknown abcd defaults to 0.

Package babel Info: Redefining russian shorthand "|
(babel)             in language  on input line 74.
Package babel Info: Redefining russian shorthand "~
(babel)             in language  on input line 74.
(./0401_div.tex
LaTeX Font Info:    Try loading font information for U+msa on input line 7.
 (/usr/share/texmf-dist/tex/latex/amsfonts/umsa.fd
File: umsa.fd 2013/01/14 v3.01 AMS symbols A
)
LaTeX Font Info:    Try loading font information for U+msb on input line 7.

(/usr/share/texmf-dist/tex/latex/amsfonts/umsb.fd
File: umsb.fd 2013/01/14 v3.01 AMS symbols B
))
Overfull \vbox (1.92145pt too high) has occurred while \output is active []

Package babel Info: Redefining russian shorthand "|
(babel)             in language  on input line 78.
Package babel Info: Redefining russian shorthand "~
(babel)             in language  on input line 78.
Package babel Info: Redefining russian shorthand "|
(babel)             in language  on input line 78.
Package babel Info: Redefining russian shorthand "~
(babel)             in language  on input line 78.

[4]
Package babel Info: Redefining russian shorthand "|
(babel)             in language  on input line 79.
Package babel Info: Redefining russian shorthand "~
(babel)             in language  on input line 79.
 (./0402_olymp.tex)
Overfull \vbox (1.92145pt too high) has occurred while \output is active []

Package babel Info: Redefining russian shorthand "|
(babel)             in language  on input line 83.
Package babel Info: Redefining russian shorthand "~
(babel)             in language  on input line 83.
Package babel Info: Redefining russian shorthand "|
(babel)             in language  on input line 83.
Package babel Info: Redefining russian shorthand "~
(babel)             in language  on input line 83.

[5]
Package babel Info: Redefining russian shorthand "|
(babel)             in language  on input line 85.
Package babel Info: Redefining russian shorthand "~
(babel)             in language  on input line 85.
 (./0501_geom.tex
Overfull \hbox (6.08202pt too wide) in paragraph at lines 22--25
[]\T2A/cmr/m/n/10 а) До-ка-жи-те, что сум-ма диа-го-на-лей вы-пук-ло-го че-ты-р
ех-уголь-ни-ка мень-
 []


Overfull \hbox (4.97118pt too wide) in paragraph at lines 22--25
\T2A/cmr/m/n/10 б) До-ка-жи-те, что сум-ма диа-го-на-лей вы-пук-ло-го че-ты-рех
-уголь-ни-ка боль-
 []


Overfull \hbox (0.38785pt too wide) in paragraph at lines 26--28
\T2A/cmr/m/n/10 рас-сто-я-ние меж-ду ни-ми не пре-вос-хо-дит наи-боль-шей сто-р
о-ны тре-уголь-
 []


Overfull \vbox (1.92145pt too high) has occurred while \output is active []

Package babel Info: Redefining russian shorthand "|
(babel)             in language  on input line 38.
Package babel Info: Redefining russian shorthand "~
(babel)             in language  on input line 38.
Package babel Info: Redefining russian shorthand "|
(babel)             in language  on input line 38.
Package babel Info: Redefining russian shorthand "~
(babel)             in language  on input line 38.

[6])
Overfull \vbox (1.92145pt too high) has occurred while \output is active []

Package babel Info: Redefining russian shorthand "|
(babel)             in language  on input line 89.
Package babel Info: Redefining russian shorthand "~
(babel)             in language  on input line 89.
Package babel Info: Redefining russian shorthand "|
(babel)             in language  on input line 89.
Package babel Info: Redefining russian shorthand "~
(babel)             in language  on input line 89.

[7]
Package babel Info: Redefining russian shorthand "|
(babel)             in language  on input line 91.
Package babel Info: Redefining russian shorthand "~
(babel)             in language  on input line 91.
 (./0502_mod.tex
Overfull \vbox (1.92145pt too high) has occurred while \output is active []

Package babel Info: Redefining russian shorthand "|
(babel)             in language  on input line 49.
Package babel Info: Redefining russian shorthand "~
(babel)             in language  on input line 49.
Package babel Info: Redefining russian shorthand "|
(babel)             in language  on input line 49.
Package babel Info: Redefining russian shorthand "~
(babel)             in language  on input line 49.

[8])
Overfull \vbox (1.92145pt too high) has occurred while \output is active []

Package babel Info: Redefining russian shorthand "|
(babel)             in language  on input line 95.
Package babel Info: Redefining russian shorthand "~
(babel)             in language  on input line 95.
Package babel Info: Redefining russian shorthand "|
(babel)             in language  on input line 95.
Package babel Info: Redefining russian shorthand "~
(babel)             in language  on input line 95.

[9]
Package babel Info: Redefining russian shorthand "|
(babel)             in language  on input line 96.
Package babel Info: Redefining russian shorthand "~
(babel)             in language  on input line 96.
 (./0601_invar.tex
Overfull \vbox (1.92145pt too high) has occurred while \output is active []

Package babel Info: Redefining russian shorthand "|
(babel)             in language  on input line 42.
Package babel Info: Redefining russian shorthand "~
(babel)             in language  on input line 42.
Package babel Info: Redefining russian shorthand "|
(babel)             in language  on input line 42.
Package babel Info: Redefining russian shorthand "~
(babel)             in language  on input line 42.

[10])
Overfull \vbox (1.92145pt too high) has occurred while \output is active []

Package babel Info: Redefining russian shorthand "|
(babel)             in language  on input line 100.
Package babel Info: Redefining russian shorthand "~
(babel)             in language  on input line 100.
Package babel Info: Redefining russian shorthand "|
(babel)             in language  on input line 100.
Package babel Info: Redefining russian shorthand "~
(babel)             in language  on input line 100.

[11]
Package babel Info: Redefining russian shorthand "|
(babel)             in language  on input line 101.
Package babel Info: Redefining russian shorthand "~
(babel)             in language  on input line 101.
 (./0602_bipar.tex <pic02.png, id=276, 340.27126pt x 138.5175pt>
File: pic02.png Graphic file (type png)

<use pic02.png>
Package pdftex.def Info: pic02.png used on input line 25.
(pdftex.def)             Requested size: 103.50105pt x 42.13257pt.

Overfull \vbox (1.92145pt too high) has occurred while \output is active []

Package babel Info: Redefining russian shorthand "|
(babel)             in language  on input line 50.
Package babel Info: Redefining russian shorthand "~
(babel)             in language  on input line 50.
Package babel Info: Redefining russian shorthand "|
(babel)             in language  on input line 50.
Package babel Info: Redefining russian shorthand "~
(babel)             in language  on input line 50.

[12 <./pic02.png>])
Overfull \vbox (1.92145pt too high) has occurred while \output is active []

Package babel Info: Redefining russian shorthand "|
(babel)             in language  on input line 105.
Package babel Info: Redefining russian shorthand "~
(babel)             in language  on input line 105.
Package babel Info: Redefining russian shorthand "|
(babel)             in language  on input line 105.
Package babel Info: Redefining russian shorthand "~
(babel)             in language  on input line 105.

[13]
Package babel Info: Redefining russian shorthand "|
(babel)             in language  on input line 106.
Package babel Info: Redefining russian shorthand "~
(babel)             in language  on input line 106.
 (./0701_square.tex
Underfull \hbox (badness 10000) in paragraph at lines 20--26

 []


Underfull \hbox (badness 10000) in paragraph at lines 46--48

 []


Overfull \vbox (1.92145pt too high) has occurred while \output is active []

Package babel Info: Redefining russian shorthand "|
(babel)             in language  on input line 53.
Package babel Info: Redefining russian shorthand "~
(babel)             in language  on input line 53.
Package babel Info: Redefining russian shorthand "|
(babel)             in language  on input line 53.
Package babel Info: Redefining russian shorthand "~
(babel)             in language  on input line 53.

[14]
Overfull \vbox (1.92145pt too high) has occurred while \output is active []

Package babel Info: Redefining russian shorthand "|
(babel)             in language  on input line 68.
Package babel Info: Redefining russian shorthand "~
(babel)             in language  on input line 68.
Package babel Info: Redefining russian shorthand "|
(babel)             in language  on input line 68.
Package babel Info: Redefining russian shorthand "~
(babel)             in language  on input line 68.

[15] <0a.png, id=315, 261.1356pt x 175.1343pt>
File: 0a.png Graphic file (type png)
 <use 0a.png>
Package pdftex.def Info: 0a.png used on input line 72.
(pdftex.def)             Requested size: 132.48268pt x 88.85231pt.

Overfull \hbox (22.08015pt too wide) in paragraph at lines 72--73
[][] 
 []

<0c.png, id=316, 299.6796pt x 159.2349pt>
File: 0c.png Graphic file (type png)
 <use 0c.png>
Package pdftex.def Info: 0c.png used on input line 76.
(pdftex.def)             Requested size: 132.48268pt x 70.394pt.

Overfull \hbox (22.08015pt too wide) in paragraph at lines 76--77
[][] 
 []

<0b.png, id=317, 302.5704pt x 172.2435pt>
File: 0b.png Graphic file (type png)
 <use 0b.png>
Package pdftex.def Info: 0b.png used on input line 80.
(pdftex.def)             Requested size: 132.48268pt x 75.41942pt.

Overfull \hbox (22.08015pt too wide) in paragraph at lines 80--81
[][] 
 []

<1.png, id=318, 414.1071pt x 202.356pt>
File: 1.png Graphic file (type png)
 <use 1.png>
Package pdftex.def Info: 1.png used on input line 87.
(pdftex.def)             Requested size: 132.48268pt x 64.73979pt.

Overfull \hbox (22.08015pt too wide) in paragraph at lines 87--88
[][] 
 []

<2b.png, id=319, 367.3725pt x 179.2296pt>
File: 2b.png Graphic file (type png)
 <use 2b.png>
Package pdftex.def Info: 2b.png used on input line 91.
(pdftex.def)             Requested size: 132.48268pt x 64.63472pt.

Overfull \hbox (22.08015pt too wide) in paragraph at lines 91--92
[][] 
 []

<2d.png, id=320, 371.9496pt x 176.8206pt>
File: 2d.png Graphic file (type png)
 <use 2d.png>
Package pdftex.def Info: 2d.png used on input line 95.
(pdftex.def)             Requested size: 132.48268pt x 62.98083pt.

Overfull \hbox (22.08015pt too wide) in paragraph at lines 95--96
[][] 
 []

<2c.png, id=321, 407.8437pt x 201.3924pt>
File: 2c.png Graphic file (type png)
 <use 2c.png>
Package pdftex.def Info: 2c.png used on input line 102.
(pdftex.def)             Requested size: 132.48268pt x 65.421pt.

Overfull \hbox (22.08015pt too wide) in paragraph at lines 102--103
[][] 
 []

<7a.png, id=322, 416.757pt x 351.714pt>
File: 7a.png Graphic file (type png)
 <use 7a.png>
Package pdftex.def Info: 7a.png used on input line 106.
(pdftex.def)             Requested size: 132.48268pt x 111.80481pt.

Overfull \hbox (22.08015pt too wide) in paragraph at lines 106--107
[][] 
 []

<7b.png, id=323, 403.0257pt x 319.6743pt>
File: 7b.png Graphic file (type png)
 <use 7b.png>
Package pdftex.def Info: 7b.png used on input line 110.
(pdftex.def)             Requested size: 132.48268pt x 105.0831pt.

Overfull \hbox (22.08015pt too wide) in paragraph at lines 110--111
[][] 
 []

<5.png, id=324, 299.1978pt x 196.0926pt>
File: 5.png Graphic file (type png)
 <use 5.png>
Package pdftex.def Info: 5.png used on input line 117.
(pdftex.def)             Requested size: 132.48268pt x 86.82857pt.

Overfull \hbox (22.08015pt too wide) in paragraph at lines 117--118
[][] 
 []

<6.png, id=325, 241.1409pt x 203.0787pt>
File: 6.png Graphic file (type png)
 <use 6.png>
Package pdftex.def Info: 6.png used on input line 121.
(pdftex.def)             Requested size: 132.48268pt x 111.57587pt.

Overfull \hbox (22.08015pt too wide) in paragraph at lines 121--122
[][] 
 []

<3.png, id=326, 373.1541pt x 159.2349pt>
File: 3.png Graphic file (type png)
 <use 3.png>
Package pdftex.def Info: 3.png used on input line 125.
(pdftex.def)             Requested size: 132.48268pt x 56.53485pt.

Overfull \hbox (22.08015pt too wide) in paragraph at lines 125--126
[][] 
 []


LaTeX Warning: `!h' float specifier changed to `!ht'.

<4.png, id=327, 368.577pt x 168.3891pt>
File: 4.png Graphic file (type png)
 <use 4.png>
Package pdftex.def Info: 4.png used on input line 136.
(pdftex.def)             Requested size: 132.48268pt x 60.52751pt.

Overfull \hbox (22.08015pt too wide) in paragraph at lines 136--137
[][] 
 []


LaTeX Warning: `!h' float specifier changed to `!ht'.


Overfull \vbox (1.92145pt too high) has occurred while \output is active []

Package babel Info: Redefining russian shorthand "|
(babel)             in language  on input line 145.
Package babel Info: Redefining russian shorthand "~
(babel)             in language  on input line 145.
Package babel Info: Redefining russian shorthand "|
(babel)             in language  on input line 145.
Package babel Info: Redefining russian shorthand "~
(babel)             in language  on input line 145.

[16 <./0a.png> <./0c.png> <./0b.png> <./1.png> <./2b.png> <./2d.png> <./2c.png>
 <./7a.png> <./7b.png>])
Package babel Info: Redefining russian shorthand "|
(babel)             in language  on input line 111.
Package babel Info: Redefining russian shorthand "~
(babel)             in language  on input line 111.
 (./0702_comb.tex
Overfull \vbox (1.92145pt too high) has occurred while \output is active []

Package babel Info: Redefining russian shorthand "|
(babel)             in language  on input line 40.
Package babel Info: Redefining russian shorthand "~
(babel)             in language  on input line 40.
Package babel Info: Redefining russian shorthand "|
(babel)             in language  on input line 40.
Package babel Info: Redefining russian shorthand "~
(babel)             in language  on input line 40.

[17 <./5.png> <./6.png> <./3.png> <./4.png>])
Overfull \vbox (1.92145pt too high) has occurred while \output is active []

Package babel Info: Redefining russian shorthand "|
(babel)             in language  on input line 115.
Package babel Info: Redefining russian shorthand "~
(babel)             in language  on input line 115.
Package babel Info: Redefining russian shorthand "|
(babel)             in language  on input line 115.
Package babel Info: Redefining russian shorthand "~
(babel)             in language  on input line 115.

[18]
Package babel Info: Redefining russian shorthand "|
(babel)             in language  on input line 116.
Package babel Info: Redefining russian shorthand "~
(babel)             in language  on input line 116.
 (./0901_gmt.tex
Overfull \hbox (4.16862pt too wide) in paragraph at lines 52--53
[]\T2A/cmr/m/n/10 Найдите гео-мет-ри-че-ское ме-сто то-чек $\OML/cmm/m/it/10 M$
\T2A/cmr/m/n/10 , ле-жа-щих внут-ри ром-ба $\OML/cmm/m/it/10 ABCD$
 []


Overfull \vbox (1.92145pt too high) has occurred while \output is active []

Package babel Info: Redefining russian shorthand "|
(babel)             in language  on input line 53.
Package babel Info: Redefining russian shorthand "~
(babel)             in language  on input line 53.
Package babel Info: Redefining russian shorthand "|
(babel)             in language  on input line 53.
Package babel Info: Redefining russian shorthand "~
(babel)             in language  on input line 53.

[19])
Overfull \vbox (1.92145pt too high) has occurred while \output is active []

Package babel Info: Redefining russian shorthand "|
(babel)             in language  on input line 120.
Package babel Info: Redefining russian shorthand "~
(babel)             in language  on input line 120.
Package babel Info: Redefining russian shorthand "|
(babel)             in language  on input line 120.
Package babel Info: Redefining russian shorthand "~
(babel)             in language  on input line 120.

[20]
Package babel Info: Redefining russian shorthand "|
(babel)             in language  on input line 121.
Package babel Info: Redefining russian shorthand "~
(babel)             in language  on input line 121.
 (./0902_ind.tex <ind.jpg, id=403, 309.155pt x 193.72375pt>
File: ind.jpg Graphic file (type jpg)
 <use ind.jpg>
Package pdftex.def Info: ind.jpg used on input line 7.
(pdftex.def)             Requested size: 110.39873pt x 69.17885pt.

Overfull \vbox (1.92145pt too high) has occurred while \output is active []

Package babel Info: Redefining russian shorthand "|
(babel)             in language  on input line 125.
Package babel Info: Redefining russian shorthand "~
(babel)             in language  on input line 125.
Package babel Info: Redefining russian shorthand "|
(babel)             in language  on input line 125.
Package babel Info: Redefining russian shorthand "~
(babel)             in language  on input line 125.

[21 <./ind.jpg>])
Overfull \vbox (1.92145pt too high) has occurred while \output is active []

Package babel Info: Redefining russian shorthand "|
(babel)             in language  on input line 125.
Package babel Info: Redefining russian shorthand "~
(babel)             in language  on input line 125.
Package babel Info: Redefining russian shorthand "|
(babel)             in language  on input line 125.
Package babel Info: Redefining russian shorthand "~
(babel)             in language  on input line 125.

[22]
Package babel Info: Redefining russian shorthand "|
(babel)             in language  on input line 126.
Package babel Info: Redefining russian shorthand "~
(babel)             in language  on input line 126.
 (./1001_trees.tex
Underfull \hbox (badness 10000) in paragraph at lines 11--18

 []


Overfull \vbox (1.92145pt too high) has occurred while \output is active []

Package babel Info: Redefining russian shorthand "|
(babel)             in language  on input line 47.
Package babel Info: Redefining russian shorthand "~
(babel)             in language  on input line 47.
Package babel Info: Redefining russian shorthand "|
(babel)             in language  on input line 47.
Package babel Info: Redefining russian shorthand "~
(babel)             in language  on input line 47.

[23])
Overfull \vbox (1.92145pt too high) has occurred while \output is active []

Package babel Info: Redefining russian shorthand "|
(babel)             in language  on input line 130.
Package babel Info: Redefining russian shorthand "~
(babel)             in language  on input line 130.
Package babel Info: Redefining russian shorthand "|
(babel)             in language  on input line 130.
Package babel Info: Redefining russian shorthand "~
(babel)             in language  on input line 130.

[24]
Package babel Info: Redefining russian shorthand "|
(babel)             in language  on input line 131.
Package babel Info: Redefining russian shorthand "~
(babel)             in language  on input line 131.
 (./1002_mtf.tex
Overfull \vbox (1.92145pt too high) has occurred while \output is active []

Package babel Info: Redefining russian shorthand "|
(babel)             in language  on input line 32.
Package babel Info: Redefining russian shorthand "~
(babel)             in language  on input line 32.
Package babel Info: Redefining russian shorthand "|
(babel)             in language  on input line 32.
Package babel Info: Redefining russian shorthand "~
(babel)             in language  on input line 32.

[25])
Overfull \vbox (1.92145pt too high) has occurred while \output is active []

Package babel Info: Redefining russian shorthand "|
(babel)             in language  on input line 135.
Package babel Info: Redefining russian shorthand "~
(babel)             in language  on input line 135.
Package babel Info: Redefining russian shorthand "|
(babel)             in language  on input line 135.
Package babel Info: Redefining russian shorthand "~
(babel)             in language  on input line 135.

[26]
Package babel Info: Redefining russian shorthand "|
(babel)             in language  on input line 136.
Package babel Info: Redefining russian shorthand "~
(babel)             in language  on input line 136.
 (./1101_geom.tex
Overfull \vbox (1.92145pt too high) has occurred while \output is active []

Package babel Info: Redefining russian shorthand "|
(babel)             in language  on input line 38.
Package babel Info: Redefining russian shorthand "~
(babel)             in language  on input line 38.
Package babel Info: Redefining russian shorthand "|
(babel)             in language  on input line 38.
Package babel Info: Redefining russian shorthand "~
(babel)             in language  on input line 38.

[27])
Overfull \vbox (1.92145pt too high) has occurred while \output is active []

Package babel Info: Redefining russian shorthand "|
(babel)             in language  on input line 140.
Package babel Info: Redefining russian shorthand "~
(babel)             in language  on input line 140.
Package babel Info: Redefining russian shorthand "|
(babel)             in language  on input line 140.
Package babel Info: Redefining russian shorthand "~
(babel)             in language  on input line 140.

[28]
Package babel Info: Redefining russian shorthand "|
(babel)             in language  on input line 141.
Package babel Info: Redefining russian shorthand "~
(babel)             in language  on input line 141.
 (./1102_pascal.tex
<Yanghui_triangle.png, id=487, 706.64pt x 1099.10625pt>
File: Yanghui_triangle.png Graphic file (type png)

<use Yanghui_triangle.png>
Package pdftex.def Info: Yanghui_triangle.png used on input line 7.
(pdftex.def)             Requested size: 110.39873pt x 171.70139pt.

Overfull \vbox (1.92145pt too high) has occurred while \output is active []

Package babel Info: Redefining russian shorthand "|
(babel)             in language  on input line 25.
Package babel Info: Redefining russian shorthand "~
(babel)             in language  on input line 25.
Package babel Info: Redefining russian shorthand "|
(babel)             in language  on input line 25.
Package babel Info: Redefining russian shorthand "~
(babel)             in language  on input line 25.

[29 <./Yanghui_triangle.png>] <pasc.png, id=496, 246.1697pt x 103.13531pt>
File: pasc.png Graphic file (type png)

<use pasc.png>
Package pdftex.def Info: pasc.png used on input line 31.
(pdftex.def)             Requested size: 123.08453pt x 51.56752pt.
)
Overfull \vbox (1.92145pt too high) has occurred while \output is active []

Package babel Info: Redefining russian shorthand "|
(babel)             in language  on input line 145.
Package babel Info: Redefining russian shorthand "~
(babel)             in language  on input line 145.
Package babel Info: Redefining russian shorthand "|
(babel)             in language  on input line 145.
Package babel Info: Redefining russian shorthand "~
(babel)             in language  on input line 145.

[30 <./pasc.png>]
Package babel Info: Redefining russian shorthand "|
(babel)             in language  on input line 146.
Package babel Info: Redefining russian shorthand "~
(babel)             in language  on input line 146.
 (./1201_matboi.tex)
Overfull \vbox (1.92145pt too high) has occurred while \output is active []

Package babel Info: Redefining russian shorthand "|
(babel)             in language  on input line 150.
Package babel Info: Redefining russian shorthand "~
(babel)             in language  on input line 150.
Package babel Info: Redefining russian shorthand "|
(babel)             in language  on input line 150.
Package babel Info: Redefining russian shorthand "~
(babel)             in language  on input line 150.

[31]
Package babel Info: Redefining russian shorthand "|
(babel)             in language  on input line 151.
Package babel Info: Redefining russian shorthand "~
(babel)             in language  on input line 151.
 (./1401_ind12.tex
Overfull \vbox (1.92145pt too high) has occurred while \output is active []

Package babel Info: Redefining russian shorthand "|
(babel)             in language  on input line 29.
Package babel Info: Redefining russian shorthand "~
(babel)             in language  on input line 29.
Package babel Info: Redefining russian shorthand "|
(babel)             in language  on input line 29.
Package babel Info: Redefining russian shorthand "~
(babel)             in language  on input line 29.

[32])
Overfull \vbox (1.92145pt too high) has occurred while \output is active []

Package babel Info: Redefining russian shorthand "|
(babel)             in language  on input line 155.
Package babel Info: Redefining russian shorthand "~
(babel)             in language  on input line 155.
Package babel Info: Redefining russian shorthand "|
(babel)             in language  on input line 155.
Package babel Info: Redefining russian shorthand "~
(babel)             in language  on input line 155.

[33]
Package babel Info: Redefining russian shorthand "|
(babel)             in language  on input line 156.
Package babel Info: Redefining russian shorthand "~
(babel)             in language  on input line 156.
 (./1402_symm.tex <simm01.png, id=548, 261.6174pt x 191.0337pt>
File: simm01.png Graphic file (type png)

<use simm01.png>
Package pdftex.def Info: simm01.png used on input line 18.
(pdftex.def)             Requested size: 120.7521pt x 88.17387pt.
 <simm02.png, id=549, 264.5082pt x 199.7061pt>
File: simm02.png Graphic file (type png)

<use simm02.png>
Package pdftex.def Info: simm02.png used on input line 19.
(pdftex.def)             Requested size: 120.7521pt x 91.17114pt.

Overfull \vbox (1.92145pt too high) has occurred while \output is active []

Package babel Info: Redefining russian shorthand "|
(babel)             in language  on input line 37.
Package babel Info: Redefining russian shorthand "~
(babel)             in language  on input line 37.
Package babel Info: Redefining russian shorthand "|
(babel)             in language  on input line 37.
Package babel Info: Redefining russian shorthand "~
(babel)             in language  on input line 37.

[34 <./simm01.png> <./simm02.png>])
Overfull \vbox (1.92145pt too high) has occurred while \output is active []

Package babel Info: Redefining russian shorthand "|
(babel)             in language  on input line 160.
Package babel Info: Redefining russian shorthand "~
(babel)             in language  on input line 160.
Package babel Info: Redefining russian shorthand "|
(babel)             in language  on input line 160.
Package babel Info: Redefining russian shorthand "~
(babel)             in language  on input line 160.

[35]
Package babel Info: Redefining russian shorthand "|
(babel)             in language  on input line 161.
Package babel Info: Redefining russian shorthand "~
(babel)             in language  on input line 161.
 (./1501_nod.tex
Underfull \hbox (badness 10000) in paragraph at lines 9--17

 []


Overfull \vbox (1.92145pt too high) has occurred while \output is active []

Package babel Info: Redefining russian shorthand "|
(babel)             in language  on input line 54.
Package babel Info: Redefining russian shorthand "~
(babel)             in language  on input line 54.
Package babel Info: Redefining russian shorthand "|
(babel)             in language  on input line 54.
Package babel Info: Redefining russian shorthand "~
(babel)             in language  on input line 54.

[36]
Underfull \hbox (badness 1005) in paragraph at lines 55--56
[]\T2A/cmr/m/n/10 Пусть $\OML/cmm/m/it/10 a$ \T2A/cmr/m/n/10 и $\OML/cmm/m/it/1
0 b$ \T2A/cmr/m/n/10 -- на-ту-раль-ные чис-ла. До-ка-жи-те, что сре-ди чи-сел
 []

)
Overfull \vbox (1.92145pt too high) has occurred while \output is active []

Package babel Info: Redefining russian shorthand "|
(babel)             in language  on input line 165.
Package babel Info: Redefining russian shorthand "~
(babel)             in language  on input line 165.
Package babel Info: Redefining russian shorthand "|
(babel)             in language  on input line 165.
Package babel Info: Redefining russian shorthand "~
(babel)             in language  on input line 165.

[37]
Package babel Info: Redefining russian shorthand "|
(babel)             in language  on input line 166.
Package babel Info: Redefining russian shorthand "~
(babel)             in language  on input line 166.
 (./1502_comb666_hard.tex
Overfull \vbox (1.92145pt too high) has occurred while \output is active []

Package babel Info: Redefining russian shorthand "|
(babel)             in language  on input line 34.
Package babel Info: Redefining russian shorthand "~
(babel)             in language  on input line 34.
Package babel Info: Redefining russian shorthand "|
(babel)             in language  on input line 34.
Package babel Info: Redefining russian shorthand "~
(babel)             in language  on input line 34.

[38])
Overfull \vbox (1.92145pt too high) has occurred while \output is active []

Package babel Info: Redefining russian shorthand "|
(babel)             in language  on input line 170.
Package babel Info: Redefining russian shorthand "~
(babel)             in language  on input line 170.
Package babel Info: Redefining russian shorthand "|
(babel)             in language  on input line 170.
Package babel Info: Redefining russian shorthand "~
(babel)             in language  on input line 170.

[39]
Package babel Info: Redefining russian shorthand "|
(babel)             in language  on input line 171.
Package babel Info: Redefining russian shorthand "~
(babel)             in language  on input line 171.
 (./1601_geom.tex)
Overfull \vbox (1.92145pt too high) has occurred while \output is active []

Package babel Info: Redefining russian shorthand "|
(babel)             in language  on input line 175.
Package babel Info: Redefining russian shorthand "~
(babel)             in language  on input line 175.
Package babel Info: Redefining russian shorthand "|
(babel)             in language  on input line 175.
Package babel Info: Redefining russian shorthand "~
(babel)             in language  on input line 175.

[40]
Package babel Info: Redefining russian shorthand "|
(babel)             in language  on input line 176.
Package babel Info: Redefining russian shorthand "~
(babel)             in language  on input line 176.
 (./1602_nod.tex)
Overfull \vbox (1.92145pt too high) has occurred while \output is active []

Package babel Info: Redefining russian shorthand "|
(babel)             in language  on input line 180.
Package babel Info: Redefining russian shorthand "~
(babel)             in language  on input line 180.
Package babel Info: Redefining russian shorthand "|
(babel)             in language  on input line 180.
Package babel Info: Redefining russian shorthand "~
(babel)             in language  on input line 180.

[41]
Package babel Info: Redefining russian shorthand "|
(babel)             in language  on input line 181.
Package babel Info: Redefining russian shorthand "~
(babel)             in language  on input line 181.
 (./1701_discr.tex
Overfull \vbox (1.92145pt too high) has occurred while \output is active []

Package babel Info: Redefining russian shorthand "|
(babel)             in language  on input line 32.
Package babel Info: Redefining russian shorthand "~
(babel)             in language  on input line 32.
Package babel Info: Redefining russian shorthand "|
(babel)             in language  on input line 32.
Package babel Info: Redefining russian shorthand "~
(babel)             in language  on input line 32.

[42])
Overfull \vbox (1.92145pt too high) has occurred while \output is active []

Package babel Info: Redefining russian shorthand "|
(babel)             in language  on input line 185.
Package babel Info: Redefining russian shorthand "~
(babel)             in language  on input line 185.
Package babel Info: Redefining russian shorthand "|
(babel)             in language  on input line 185.
Package babel Info: Redefining russian shorthand "~
(babel)             in language  on input line 185.

[43]
Package babel Info: Redefining russian shorthand "|
(babel)             in language  on input line 186.
Package babel Info: Redefining russian shorthand "~
(babel)             in language  on input line 186.
 (./1901_bisec.tex <incen01.png, id=644, 368.0952pt x 257.0403pt>
File: incen01.png Graphic file (type png)

<use incen01.png>
Package pdftex.def Info: incen01.png used on input line 17.
(pdftex.def)             Requested size: 155.24895pt x 108.40723pt.
 <incen02.png, id=645, 558.6471pt x 231.5049pt>
File: incen02.png Graphic file (type png)

<use incen02.png>
Package pdftex.def Info: incen02.png used on input line 18.
(pdftex.def)             Requested size: 155.24895pt x 64.33344pt.
 <incen03.png, id=646, 349.305pt x 268.3626pt>
File: incen03.png Graphic file (type png)

<use incen03.png>
Package pdftex.def Info: incen03.png used on input line 32.
(pdftex.def)             Requested size: 155.24895pt x 119.2756pt.
 <incen04.png, id=647, 435.3063pt x 269.0853pt>
File: incen04.png Graphic file (type png)

<use incen04.png>
Package pdftex.def Info: incen04.png used on input line 33.
(pdftex.def)             Requested size: 155.24895pt x 95.96733pt.

Underfull \vbox (badness 2781) has occurred while \output is active []


Overfull \vbox (1.92145pt too high) has occurred while \output is active []

Package babel Info: Redefining russian shorthand "|
(babel)             in language  on input line 34.
Package babel Info: Redefining russian shorthand "~
(babel)             in language  on input line 34.
Package babel Info: Redefining russian shorthand "|
(babel)             in language  on input line 34.
Package babel Info: Redefining russian shorthand "~
(babel)             in language  on input line 34.

[44 <./incen01.png> <./incen02.png>])
Overfull \vbox (1.92145pt too high) has occurred while \output is active []

Package babel Info: Redefining russian shorthand "|
(babel)             in language  on input line 190.
Package babel Info: Redefining russian shorthand "~
(babel)             in language  on input line 190.
Package babel Info: Redefining russian shorthand "|
(babel)             in language  on input line 190.
Package babel Info: Redefining russian shorthand "~
(babel)             in language  on input line 190.

[45 <./incen03.png> <./incen04.png>]
Package babel Info: Redefining russian shorthand "|
(babel)             in language  on input line 191.
Package babel Info: Redefining russian shorthand "~
(babel)             in language  on input line 191.
 (./1902_grind.tex)
Overfull \vbox (1.92145pt too high) has occurred while \output is active []

Package babel Info: Redefining russian shorthand "|
(babel)             in language  on input line 195.
Package babel Info: Redefining russian shorthand "~
(babel)             in language  on input line 195.
Package babel Info: Redefining russian shorthand "|
(babel)             in language  on input line 195.
Package babel Info: Redefining russian shorthand "~
(babel)             in language  on input line 195.

[46]
Package babel Info: Redefining russian shorthand "|
(babel)             in language  on input line 196.
Package babel Info: Redefining russian shorthand "~
(babel)             in language  on input line 196.
 (./2001_balls.tex
Overfull \vbox (1.92145pt too high) has occurred while \output is active []

Package babel Info: Redefining russian shorthand "|
(babel)             in language  on input line 46.
Package babel Info: Redefining russian shorthand "~
(babel)             in language  on input line 46.
Package babel Info: Redefining russian shorthand "|
(babel)             in language  on input line 46.
Package babel Info: Redefining russian shorthand "~
(babel)             in language  on input line 46.

[47])
Overfull \vbox (1.92145pt too high) has occurred while \output is active []

Package babel Info: Redefining russian shorthand "|
(babel)             in language  on input line 200.
Package babel Info: Redefining russian shorthand "~
(babel)             in language  on input line 200.
Package babel Info: Redefining russian shorthand "|
(babel)             in language  on input line 200.
Package babel Info: Redefining russian shorthand "~
(babel)             in language  on input line 200.

[48]
Package babel Info: Redefining russian shorthand "|
(babel)             in language  on input line 201.
Package babel Info: Redefining russian shorthand "~
(babel)             in language  on input line 201.
 (./2002_geom.tex)
Overfull \vbox (1.92145pt too high) has occurred while \output is active []

Package babel Info: Redefining russian shorthand "|
(babel)             in language  on input line 205.
Package babel Info: Redefining russian shorthand "~
(babel)             in language  on input line 205.
Package babel Info: Redefining russian shorthand "|
(babel)             in language  on input line 205.
Package babel Info: Redefining russian shorthand "~
(babel)             in language  on input line 205.

[49]
Package babel Info: Redefining russian shorthand "|
(babel)             in language  on input line 206.
Package babel Info: Redefining russian shorthand "~
(babel)             in language  on input line 206.
 (./2101_wilson.tex
Overfull \vbox (1.92145pt too high) has occurred while \output is active []

Package babel Info: Redefining russian shorthand "|
(babel)             in language  on input line 38.
Package babel Info: Redefining russian shorthand "~
(babel)             in language  on input line 38.
Package babel Info: Redefining russian shorthand "|
(babel)             in language  on input line 38.
Package babel Info: Redefining russian shorthand "~
(babel)             in language  on input line 38.

[50])
Overfull \vbox (1.92145pt too high) has occurred while \output is active []

Package babel Info: Redefining russian shorthand "|
(babel)             in language  on input line 210.
Package babel Info: Redefining russian shorthand "~
(babel)             in language  on input line 210.
Package babel Info: Redefining russian shorthand "|
(babel)             in language  on input line 210.
Package babel Info: Redefining russian shorthand "~
(babel)             in language  on input line 210.

[51]
Package babel Info: Redefining russian shorthand "|
(babel)             in language  on input line 211.
Package babel Info: Redefining russian shorthand "~
(babel)             in language  on input line 211.
 (./2102_geom.tex <georazn01.png, id=721, 471.6822pt x 351.2322pt>
File: georazn01.png Graphic file (type png)

<use georazn01.png>
Package pdftex.def Info: georazn01.png used on input line 17.
(pdftex.def)             Requested size: 155.24895pt x 115.60149pt.
 <georazn02.png, id=722, 372.4314pt x 259.6902pt>
File: georazn02.png Graphic file (type png)

<use georazn02.png>
Package pdftex.def Info: georazn02.png used on input line 18.
(pdftex.def)             Requested size: 155.24895pt x 108.25284pt.

Overfull \vbox (1.92145pt too high) has occurred while \output is active []

Package babel Info: Redefining russian shorthand "|
(babel)             in language  on input line 35.
Package babel Info: Redefining russian shorthand "~
(babel)             in language  on input line 35.
Package babel Info: Redefining russian shorthand "|
(babel)             in language  on input line 35.
Package babel Info: Redefining russian shorthand "~
(babel)             in language  on input line 35.

[52 <./georazn01.png> <./georazn02.png>])
Overfull \vbox (1.92145pt too high) has occurred while \output is active []

Package babel Info: Redefining russian shorthand "|
(babel)             in language  on input line 215.
Package babel Info: Redefining russian shorthand "~
(babel)             in language  on input line 215.
Package babel Info: Redefining russian shorthand "|
(babel)             in language  on input line 215.
Package babel Info: Redefining russian shorthand "~
(babel)             in language  on input line 215.

[53]
Package babel Info: Redefining russian shorthand "|
(babel)             in language  on input line 216.
Package babel Info: Redefining russian shorthand "~
(babel)             in language  on input line 216.
 (./2201_semiinv.tex
Overfull \vbox (1.92145pt too high) has occurred while \output is active []

Package babel Info: Redefining russian shorthand "|
(babel)             in language  on input line 34.
Package babel Info: Redefining russian shorthand "~
(babel)             in language  on input line 34.
Package babel Info: Redefining russian shorthand "|
(babel)             in language  on input line 34.
Package babel Info: Redefining russian shorthand "~
(babel)             in language  on input line 34.

[54])
Overfull \vbox (1.92145pt too high) has occurred while \output is active []

Package babel Info: Redefining russian shorthand "|
(babel)             in language  on input line 220.
Package babel Info: Redefining russian shorthand "~
(babel)             in language  on input line 220.
Package babel Info: Redefining russian shorthand "|
(babel)             in language  on input line 220.
Package babel Info: Redefining russian shorthand "~
(babel)             in language  on input line 220.

[55]
Package babel Info: Redefining russian shorthand "|
(babel)             in language  on input line 221.
Package babel Info: Redefining russian shorthand "~
(babel)             in language  on input line 221.
 (./2202_hidden.tex)
Overfull \vbox (1.92145pt too high) has occurred while \output is active []

Package babel Info: Redefining russian shorthand "|
(babel)             in language  on input line 225.
Package babel Info: Redefining russian shorthand "~
(babel)             in language  on input line 225.
Package babel Info: Redefining russian shorthand "|
(babel)             in language  on input line 225.
Package babel Info: Redefining russian shorthand "~
(babel)             in language  on input line 225.

[56]
Package babel Info: Redefining russian shorthand "|
(babel)             in language  on input line 226.
Package babel Info: Redefining russian shorthand "~
(babel)             in language  on input line 226.
 (./2401_zakolymp.tex)
Overfull \vbox (1.92145pt too high) has occurred while \output is active []

Package babel Info: Redefining russian shorthand "|
(babel)             in language  on input line 230.
Package babel Info: Redefining russian shorthand "~
(babel)             in language  on input line 230.
Package babel Info: Redefining russian shorthand "|
(babel)             in language  on input line 230.
Package babel Info: Redefining russian shorthand "~
(babel)             in language  on input line 230.

[57]
Package babel Info: Redefining russian shorthand "|
(babel)             in language  on input line 231.
Package babel Info: Redefining russian shorthand "~
(babel)             in language  on input line 231.
 (./2402_theory.tex
Overfull \vbox (1.92145pt too high) has occurred while \output is active []

Package babel Info: Redefining russian shorthand "|
(babel)             in language  on input line 53.
Package babel Info: Redefining russian shorthand "~
(babel)             in language  on input line 53.
Package babel Info: Redefining russian shorthand "|
(babel)             in language  on input line 53.
Package babel Info: Redefining russian shorthand "~
(babel)             in language  on input line 53.

[58]
Overfull \vbox (1.92145pt too high) has occurred while \output is active []

Package babel Info: Redefining russian shorthand "|
(babel)             in language  on input line 91.
Package babel Info: Redefining russian shorthand "~
(babel)             in language  on input line 91.
Package babel Info: Redefining russian shorthand "|
(babel)             in language  on input line 91.
Package babel Info: Redefining russian shorthand "~
(babel)             in language  on input line 91.

[59]
Package atveryend Info: Empty hook `BeforeClearDocument' on input line 113.

Overfull \vbox (1.92145pt too high) has occurred while \output is active []

Package babel Info: Redefining russian shorthand "|
(babel)             in language  on input line 113.
Package babel Info: Redefining russian shorthand "~
(babel)             in language  on input line 113.
Package babel Info: Redefining russian shorthand "|
(babel)             in language  on input line 113.
Package babel Info: Redefining russian shorthand "~
(babel)             in language  on input line 113.

[60]
Package atveryend Info: Empty hook `AfterLastShipout' on input line 113.
 (./book.aux)
Package atveryend Info: Executing hook `AtVeryEndDocument' on input line 113.
Package atveryend Info: Executing hook `AtEndAfterFileList' on input line 113.
Package rerunfilecheck Info: File `book.out' has not changed.
(rerunfilecheck)             Checksum: EBAA4760760C16CBD6CF591B7A8E7E2A;7907.
Package atveryend Info: Empty hook `AtVeryVeryEnd' on input line 113.
 ) ) 
Here is how much of TeX's memory you used:
 11403 strings out of 493054
 149796 string characters out of 6140586
 225210 words of memory out of 5000000
 14252 multiletter control sequences out of 15000+600000
 19177 words of font info for 47 fonts, out of 8000000 for 9000
 1141 hyphenation exceptions out of 8191
 29i,9n,26p,1457b,492s stack positions out of 5000i,500n,10000p,200000b,80000s
{/usr/share/texmf-dist/fonts/enc/dvips/cm-super/cm-super-t2a.enc}</usr/shar
e/texmf-dist/fonts/type1/public/amsfonts/cm/cmex10.pfb></usr/share/texmf-dist/f
onts/type1/public/amsfonts/cm/cmmi10.pfb></usr/share/texmf-dist/fonts/type1/pub
lic/amsfonts/cm/cmmi5.pfb></usr/share/texmf-dist/fonts/type1/public/amsfonts/cm
/cmmi6.pfb></usr/share/texmf-dist/fonts/type1/public/amsfonts/cm/cmmi7.pfb></us
r/share/texmf-dist/fonts/type1/public/amsfonts/cm/cmmi9.pfb></usr/share/texmf-d
ist/fonts/type1/public/amsfonts/cm/cmr10.pfb></usr/share/texmf-dist/fonts/type1
/public/amsfonts/cm/cmr5.pfb></usr/share/texmf-dist/fonts/type1/public/amsfonts
/cm/cmr7.pfb></usr/share/texmf-dist/fonts/type1/public/amsfonts/cm/cmr9.pfb></u
sr/share/texmf-dist/fonts/type1/public/amsfonts/cm/cmsy10.pfb></usr/share/texmf
-dist/fonts/type1/public/amsfonts/cm/cmsy7.pfb></usr/share/texmf-dist/fonts/typ
e1/public/amsfonts/symbols/msam10.pfb></usr/share/texmf-dist/fonts/type1/public
/cm-super/sfbi1000.pfb></usr/share/texmf-dist/fonts/type1/public/cm-super/sfbx0
900.pfb></usr/share/texmf-dist/fonts/type1/public/cm-super/sfbx1000.pfb></usr/s
hare/texmf-dist/fonts/type1/public/cm-super/sfbx1440.pfb></usr/share/texmf-dist
/fonts/type1/public/cm-super/sfbx2488.pfb></usr/share/texmf-dist/fonts/type1/pu
blic/cm-super/sfrm0900.pfb></usr/share/texmf-dist/fonts/type1/public/cm-super/s
frm1000.pfb></usr/share/texmf-dist/fonts/type1/public/cm-super/sfrm1440.pfb></u
sr/share/texmf-dist/fonts/type1/public/cm-super/sfti0900.pfb></usr/share/texmf-
dist/fonts/type1/public/cm-super/sfti1000.pfb>
Output written on book.pdf (60 pages, 2299462 bytes).
PDF statistics:
 991 PDF objects out of 1000 (max. 8388607)
 848 compressed objects within 9 object streams
 426 named destinations out of 1000 (max. 500000)
 387 words of extra memory for PDF output out of 10000 (max. 10000000)

